\BOOKMARK [0][-]{section*.1}{\376\377\000A\000b\000s\000t\000r\000a\000c\000t}{}% 1
\BOOKMARK [0][-]{section*.2}{\376\377\000A\000c\000k\000n\000o\000w\000l\000e\000d\000g\000e\000m\000e\000n\000t\000s}{}% 2
\BOOKMARK [0][-]{chapter.6}{\376\377\000I\000n\000t\000r\000o\000d\000u\000c\000t\000i\000o\000n}{}% 3
\BOOKMARK [1][-]{section.7}{\376\377\000O\000v\000e\000r\000v\000i\000e\000w}{chapter.6}% 4
\BOOKMARK [1][-]{section.8}{\376\377\000O\000u\000t\000l\000i\000n\000e}{chapter.6}% 5
\BOOKMARK [0][-]{chapter.9}{\376\377\000B\000a\000c\000k\000g\000r\000o\000u\000n\000d}{}% 6
\BOOKMARK [1][-]{section.10}{\376\377\000M\000o\000d\000e\000l\000s\000\040\000a\000n\000d\000\040\000M\000o\000d\000e\000l\000\040\000D\000r\000i\000v\000e\000n\000\040\000S\000o\000f\000t\000w\000a\000r\000e\000\040\000D\000e\000v\000e\000l\000o\000p\000m\000e\000n\000t}{chapter.9}% 7
\BOOKMARK [1][-]{section.11}{\376\377\000D\000a\000t\000a\000\040\000A\000c\000c\000e\000s\000s\000\040\000O\000b\000j\000e\000c\000t}{chapter.9}% 8
\BOOKMARK [1][-]{section.12}{\376\377\000A\000c\000c\000e\000s\000s\000\040\000C\000o\000n\000t\000r\000o\000l\000\040\000L\000i\000s\000t}{chapter.9}% 9
\BOOKMARK [1][-]{section.13}{\376\377\000H\000T\000T\000P}{chapter.9}% 10
\BOOKMARK [2][-]{subsection.14}{\376\377\000H\000T\000T\000P\000\040\000s\000e\000s\000s\000i\000o\000n}{section.13}% 11
\BOOKMARK [2][-]{subsection.15}{\376\377\000R\000e\000q\000u\000e\000s\000t\000\040\000m\000e\000t\000h\000o\000d\000s}{section.13}% 12
\BOOKMARK [2][-]{subsection.20}{\376\377\000S\000t\000a\000t\000u\000s\000\040\000C\000o\000d\000e\000s}{section.13}% 13
\BOOKMARK [1][-]{section.26}{\376\377\000R\000e\000p\000r\000e\000s\000e\000n\000t\000a\000t\000i\000o\000n\000a\000l\000\040\000S\000t\000a\000t\000e\000\040\000T\000r\000a\000n\000s\000f\000e\000r}{chapter.9}% 14
\BOOKMARK [2][-]{subsection.27}{\376\377\000C\000l\000i\000e\000n\000t\000-\000s\000e\000r\000v\000e\000r\000\040\000a\000r\000c\000h\000i\000t\000e\000c\000t\000u\000r\000e}{section.26}% 15
\BOOKMARK [1][-]{section.32}{\376\377\000A\000p\000p\000l\000i\000c\000a\000t\000i\000o\000n\000\040\000P\000r\000o\000g\000r\000a\000m\000m\000i\000n\000g\000\040\000I\000n\000t\000e\000r\000f\000a\000c\000e}{chapter.9}% 16
\BOOKMARK [1][-]{section.37}{\376\377\000T\000h\000r\000e\000e\000-\000t\000i\000e\000r\000\040\000A\000r\000c\000h\000i\000t\000e\000c\000t\000u\000r\000e}{chapter.9}% 17
\BOOKMARK [1][-]{section.42}{\376\377\000S\000i\000n\000g\000l\000e\000\040\000P\000a\000g\000e\000\040\000A\000p\000p\000l\000i\000c\000a\000t\000i\000o\000n}{chapter.9}% 18
\BOOKMARK [1][-]{section.43}{\376\377\000H\000i\000e\000r\000a\000r\000c\000h\000i\000c\000a\000l\000\040\000D\000a\000t\000a\000\040\000F\000o\000r\000m\000a\000t}{chapter.9}% 19
\BOOKMARK [2][-]{subsection.46}{\376\377\000D\000a\000t\000a\000\040\000M\000o\000d\000e\000l}{section.43}% 20
\BOOKMARK [0][-]{chapter.49}{\376\377\000R\000e\000l\000a\000t\000e\000d\000\040\000W\000o\000r\000k\000\040\000a\000n\000d\000\040\000T\000e\000c\000h\000n\000o\000l\000o\000g\000i\000e\000s\000\040\000U\000s\000e\000d}{}% 21
\BOOKMARK [1][-]{section.50}{\376\377\000R\000e\000l\000a\000t\000e\000d\000\040\000W\000o\000r\000k}{chapter.49}% 22
\BOOKMARK [2][-]{subsection.51}{\376\377\000P\000l\000o\000t\000l\000y}{section.50}% 23
\BOOKMARK [2][-]{subsection.52}{\376\377\000L\000o\000o\000p\000b\000a\000c\000k}{section.50}% 24
\BOOKMARK [1][-]{section.53}{\376\377\000T\000e\000c\000h\000n\000o\000l\000o\000g\000i\000e\000s\000\040\000U\000s\000e\000d}{chapter.49}% 25
\BOOKMARK [2][-]{subsection.54}{\376\377\000H\000T\000M\000L\0005}{section.53}% 26
\BOOKMARK [2][-]{subsection.55}{\376\377\000C\000S\000S\0003}{section.53}% 27
\BOOKMARK [2][-]{subsection.56}{\376\377\000J\000a\000v\000a\000s\000c\000r\000i\000p\000t}{section.53}% 28
\BOOKMARK [3][-]{subsubsection.57}{\376\377\000N\000o\000d\000e\000.\000j\000s}{subsection.56}% 29
\BOOKMARK [3][-]{subsubsection.59}{\376\377\000J\000S\000O\000N}{subsection.56}% 30
\BOOKMARK [3][-]{subsubsection.66}{\376\377\000A\000j\000a\000x}{subsection.56}% 31
\BOOKMARK [3][-]{subsubsection.68}{\376\377\000N\000o\000d\000e\000\040\000P\000a\000c\000k\000a\000g\000e\000\040\000M\000a\000n\000a\000g\000e\000r}{subsection.56}% 32
\BOOKMARK [2][-]{subsection.69}{\376\377\000N\000o\000S\000Q\000L\000\040\000D\000a\000t\000a\000b\000a\000s\000e}{section.53}% 33
\BOOKMARK [3][-]{subsubsection.70}{\376\377\000M\000o\000n\000g\000o\000D\000B}{subsection.69}% 34
\BOOKMARK [0][-]{chapter.71}{\376\377\000D\000e\000s\000i\000g\000n}{}% 35
\BOOKMARK [1][-]{section.72}{\376\377\000F\000r\000a\000m\000e\000w\000o\000r\000k\000\040\000D\000e\000s\000i\000g\000n}{chapter.71}% 36
\BOOKMARK [1][-]{section.74}{\376\377\000A\000p\000p\000l\000i\000c\000a\000t\000i\000o\000n\000\040\000d\000e\000s\000c\000r\000i\000p\000t\000i\000o\000n}{chapter.71}% 37
\BOOKMARK [1][-]{section.75}{\376\377\000F\000r\000a\000m\000e\000w\000o\000r\000k\000\040\000M\000o\000d\000u\000l\000e\000s}{chapter.71}% 38
\BOOKMARK [2][-]{subsection.76}{\376\377\000N\000o\000S\000Q\000L\000\040\000a\000c\000c\000e\000s\000s}{section.75}% 39
\BOOKMARK [3][-]{subsubsection.78}{\376\377\000E\000n\000t\000i\000t\000i\000e\000s}{subsection.76}% 40
\BOOKMARK [3][-]{subsubsection.84}{\376\377\000D\000a\000t\000a\000\040\000A\000c\000c\000e\000s\000s\000\040\000O\000b\000j\000e\000c\000t\000/\000\040\000C\000R\000U\000D}{subsection.76}% 41
\BOOKMARK [3][-]{subsubsection.89}{\376\377\000D\000b\000O\000p\000e\000r\000a\000t\000i\000o\000n\000s}{subsection.76}% 42
\BOOKMARK [3][-]{subsubsection.90}{\376\377\000P\000e\000r\000m\000i\000s\000s\000i\000o\000n\000s}{subsection.76}% 43
\BOOKMARK [2][-]{subsection.95}{\376\377\000M\000a\000i\000n\000\040\000s\000e\000r\000v\000e\000r}{section.75}% 44
\BOOKMARK [3][-]{subsubsection.97}{\376\377\000R\000o\000u\000t\000e\000\040\000H\000a\000n\000d\000l\000e\000r\000s}{subsection.95}% 45
\BOOKMARK [3][-]{subsubsection.102}{\376\377\000P\000y\000t\000h\000o\000n\000\040\000f\000i\000l\000e\000s}{subsection.95}% 46
\BOOKMARK [3][-]{subsubsection.107}{\376\377\000R\000o\000u\000t\000e\000s}{subsection.95}% 47
\BOOKMARK [3][-]{subsubsection.108}{\376\377\000D\000e\000f\000e\000n\000d\000e\000r}{subsection.95}% 48
\BOOKMARK [2][-]{subsection.109}{\376\377\000U\000s\000e\000r\000\040\000i\000n\000t\000e\000r\000f\000a\000c\000e}{section.75}% 49
\BOOKMARK [0][-]{chapter.110}{\376\377\000I\000m\000p\000l\000e\000m\000e\000n\000t\000a\000t\000i\000o\000n}{}% 50
\BOOKMARK [1][-]{section.111}{\376\377\000G\000e\000n\000e\000r\000a\000l\000\040\000J\000a\000v\000a\000S\000c\000r\000i\000p\000t\000\040\000p\000r\000a\000c\000t\000i\000c\000e\000s\000\040\000a\000n\000d\000\040\000p\000a\000t\000t\000e\000r\000n\000s}{chapter.110}% 51
\BOOKMARK [2][-]{subsection.113}{\376\377\000C\000l\000o\000s\000u\000r\000e\000s}{section.111}% 52
\BOOKMARK [2][-]{subsection.115}{\376\377\000T\000h\000u\000n\000k\000s}{section.111}% 53
\BOOKMARK [1][-]{section.117}{\376\377\000B\000a\000c\000k\000\040\000E\000n\000d\000\040\000i\000m\000p\000l\000e\000m\000e\000n\000t\000a\000t\000i\000o\000n}{chapter.110}% 54
\BOOKMARK [2][-]{subsection.118}{\376\377\000R\000E\000S\000T\000\040\000A\000P\000I}{section.117}% 55
\BOOKMARK [2][-]{subsection.135}{\376\377\000N\000o\000S\000Q\000L\000\040\000A\000c\000c\000e\000s\000s\000\040\000M\000a\000n\000a\000g\000e\000m\000e\000n\000t}{section.117}% 56
\BOOKMARK [2][-]{subsection.136}{\376\377\000S\000e\000c\000u\000r\000i\000t\000y\000\040\000M\000a\000n\000a\000g\000e\000m\000e\000n\000t}{section.117}% 57
\BOOKMARK [2][-]{subsection.137}{\376\377\000P\000y\000t\000h\000o\000n\000\040\000-\000\040\000N\000o\000d\000e\000.\000j\000s\000\040\000I\000n\000t\000e\000r\000o\000p\000e\000r\000a\000b\000i\000l\000i\000t\000y}{section.117}% 58
\BOOKMARK [1][-]{section.138}{\376\377\000F\000r\000o\000n\000t\000-\000E\000n\000d\000\040\000I\000m\000p\000l\000e\000m\000e\000n\000t\000a\000t\000i\000o\000n}{chapter.110}% 59
\BOOKMARK [2][-]{subsection.139}{\376\377\000C\000o\000d\000e\000\040\000o\000r\000g\000a\000n\000i\000z\000a\000t\000i\000o\000n\000\040\000a\000n\000d\000\040\000c\000o\000n\000t\000e\000n\000t}{section.138}% 60
\BOOKMARK [2][-]{subsection.143}{\376\377\000P\000l\000o\000t\000\040\000g\000e\000n\000e\000r\000a\000t\000i\000o\000n\000\040\000w\000i\000t\000h\000\040\000c\0003\000.\000j\000s}{section.138}% 61
\BOOKMARK [1][-]{section.144}{\376\377\000S\000p\000e\000c\000i\000f\000i\000c\000\040\000f\000r\000a\000m\000e\000w\000o\000r\000k\000\040\000o\000p\000e\000r\000a\000t\000i\000o\000n\000s}{chapter.110}% 62
\BOOKMARK [2][-]{subsection.145}{\376\377\000P\000l\000o\000t\000\040\000p\000r\000e\000s\000e\000n\000t\000a\000t\000i\000o\000n\000\040\000-\000\040\000Z\000o\000o\000m\000\040\000f\000u\000n\000c\000t\000i\000o\000n\000a\000l\000i\000t\000y}{section.144}% 63
\BOOKMARK [2][-]{subsection.148}{\376\377\000U\000p\000l\000o\000a\000d\000\040\000f\000u\000n\000c\000t\000i\000o\000n\000a\000l\000i\000t\000y}{section.144}% 64
\BOOKMARK [2][-]{subsection.150}{\376\377\000E\000r\000r\000o\000r\000\040\000H\000a\000n\000d\000l\000i\000n\000g}{section.144}% 65
\BOOKMARK [1][-]{section.151}{\376\377\000A\000p\000p\000l\000i\000c\000a\000t\000i\000o\000n\000\040\000P\000r\000e\000s\000e\000n\000t\000a\000t\000i\000o\000n}{chapter.110}% 66
\BOOKMARK [0][-]{chapter.155}{\376\377\000P\000e\000r\000f\000o\000r\000m\000a\000n\000c\000e\000\040\000E\000v\000a\000l\000u\000a\000t\000i\000o\000n}{}% 67
\BOOKMARK [1][-]{section.157}{\376\377\000F\000i\000r\000s\000t\000\040\000T\000e\000s\000t}{chapter.155}% 68
\BOOKMARK [1][-]{section.159}{\376\377\000S\000e\000c\000o\000n\000d\000\040\000T\000e\000s\000t}{chapter.155}% 69
\BOOKMARK [0][-]{chapter.161}{\376\377\000C\000o\000n\000c\000l\000u\000s\000i\000o\000n\000s\000\040\000a\000n\000d\000\040\000F\000u\000t\000u\000r\000e\000\040\000W\000o\000r\000k}{}% 70
\BOOKMARK [1][-]{section.162}{\376\377\000C\000o\000n\000c\000l\000u\000s\000i\000o\000n\000s}{chapter.161}% 71
\BOOKMARK [1][-]{section.165}{\376\377\000F\000u\000t\000u\000r\000e\000\040\000W\000o\000r\000k}{chapter.161}% 72
\BOOKMARK [0][-]{chapter*.170}{\376\377\000B\000i\000b\000l\000i\000o\000g\000r\000a\000p\000h\000y}{}% 73
